\BOOKMARK [0][-]{chapter*.4}{Introduction}{}% 1
\BOOKMARK [0][-]{chapter.1}{Theory}{}% 2
\BOOKMARK [1][-]{section.1.1}{One electron}{chapter.1}% 3
\BOOKMARK [2][-]{subsection.1.1.1}{The Schr\366dinger equation}{section.1.1}% 4
\BOOKMARK [2][-]{subsection.1.1.2}{Discretized formula}{section.1.1}% 5
\BOOKMARK [1][-]{section.1.2}{Two electrons}{chapter.1}% 6
\BOOKMARK [2][-]{subsection.1.2.1}{Non-interacting case}{section.1.2}% 7
\BOOKMARK [2][-]{subsection.1.2.2}{Interacting case}{section.1.2}% 8
\BOOKMARK [1][-]{section.1.3}{Jacobi method}{chapter.1}% 9
\BOOKMARK [0][-]{chapter.2}{Implementation}{}% 10
\BOOKMARK [1][-]{section.2.1}{Jacobi algorithm}{chapter.2}% 11
\BOOKMARK [2][-]{subsection.2.1.1}{jacobi.cpp}{section.2.1}% 12
\BOOKMARK [2][-]{subsection.2.1.2}{main.cpp}{section.2.1}% 13
\BOOKMARK [1][-]{section.2.2}{Unit tests}{chapter.2}% 14
\BOOKMARK [2][-]{subsection.2.2.1}{Invariant}{section.2.2}% 15
\BOOKMARK [2][-]{subsection.2.2.2}{Catch unit tests}{section.2.2}% 16
\BOOKMARK [1][-]{section.2.3}{Coding norm and particularities}{chapter.2}% 17
\BOOKMARK [1][-]{section.2.4}{Disappointment}{chapter.2}% 18
\BOOKMARK [0][-]{chapter.3}{Results}{}% 19
\BOOKMARK [1][-]{section.3.1}{Non-interacting case}{chapter.3}% 20
\BOOKMARK [1][-]{section.3.2}{Interacting case}{chapter.3}% 21
\BOOKMARK [0][-]{chapter*.40}{Conclusion}{}% 22
