\BOOKMARK [0][-]{chapter*.2}{Introduction}{}% 1
\BOOKMARK [0][-]{chapter.1}{Theory and algorithms}{}% 2
\BOOKMARK [1][-]{section.1.1}{One space-dimension equation}{chapter.1}% 3
\BOOKMARK [2][-]{subsection.1.1.1}{Analytical solution}{section.1.1}% 4
\BOOKMARK [2][-]{subsection.1.1.2}{Explicit scheme}{section.1.1}% 5
\BOOKMARK [2][-]{subsection.1.1.3}{Implicit scheme}{section.1.1}% 6
\BOOKMARK [2][-]{subsection.1.1.4}{Crank-Nicolson scheme}{section.1.1}% 7
\BOOKMARK [1][-]{section.1.2}{Two space-dimensions equations}{chapter.1}% 8
\BOOKMARK [0][-]{chapter.2}{Results analysis}{}% 9
\BOOKMARK [1][-]{section.2.1}{One dimension}{chapter.2}% 10
\BOOKMARK [2][-]{subsection.2.1.1}{For a time t=0.00001}{section.2.1}% 11
\BOOKMARK [2][-]{subsection.2.1.2}{For a time t=0.2}{section.2.1}% 12
\BOOKMARK [2][-]{subsection.2.1.3}{Comparison}{section.2.1}% 13
\BOOKMARK [1][-]{section.2.2}{Two dimensions and discussion on the diffusion process}{chapter.2}% 14
\BOOKMARK [0][-]{chapter.3}{Stability properties of those algorithms}{}% 15
\BOOKMARK [1][-]{section.3.1}{Theory}{chapter.3}% 16
\BOOKMARK [1][-]{section.3.2}{Observations}{chapter.3}% 17
\BOOKMARK [2][-]{subsection.3.2.1}{One dimension}{section.3.2}% 18
\BOOKMARK [2][-]{subsection.3.2.2}{Two dimensions}{section.3.2}% 19
\BOOKMARK [0][-]{chapter*.46}{Conclusion}{}% 20
