\BOOKMARK [0][-]{chapter*.4}{Introduction}{}% 1
\BOOKMARK [0][-]{chapter.1}{Theory}{}% 2
\BOOKMARK [1][-]{section.1.1}{Earth-Sun system}{chapter.1}% 3
\BOOKMARK [2][-]{subsection.1.1.1}{Physical conditions of the system}{section.1.1}% 4
\BOOKMARK [2][-]{subsection.1.1.2}{Escape velocity}{section.1.1}% 5
\BOOKMARK [1][-]{section.1.2}{Three-body problem}{chapter.1}% 6
\BOOKMARK [2][-]{subsection.1.2.1}{The Sun as the center-of-mass}{section.1.2}% 7
\BOOKMARK [2][-]{subsection.1.2.2}{Real center-of-mass}{section.1.2}% 8
\BOOKMARK [1][-]{section.1.3}{The complete Solar system}{chapter.1}% 9
\BOOKMARK [2][-]{subsection.1.3.1}{Discretization}{section.1.3}% 10
\BOOKMARK [2][-]{subsection.1.3.2}{Euler's method}{section.1.3}% 11
\BOOKMARK [2][-]{subsection.1.3.3}{Verlet's method}{section.1.3}% 12
\BOOKMARK [1][-]{section.1.4}{The special case of Mercury}{chapter.1}% 13
\BOOKMARK [0][-]{chapter.2}{Implementation}{}% 14
\BOOKMARK [1][-]{section.2.1}{Euler's and Verlet's methods}{chapter.2}% 15
\BOOKMARK [2][-]{subsection.2.1.1}{Calculation of the acceleration}{section.2.1}% 16
\BOOKMARK [2][-]{subsection.2.1.2}{Euler's and Verlet's algorithms}{section.2.1}% 17
\BOOKMARK [1][-]{section.2.2}{Validity}{chapter.2}% 18
\BOOKMARK [2][-]{subsection.2.2.1}{Unit-tests}{section.2.2}% 19
\BOOKMARK [2][-]{subsection.2.2.2}{Preservation of the energy}{section.2.2}% 20
\BOOKMARK [2][-]{subsection.2.2.3}{Periodicity of the orbits}{section.2.2}% 21
\BOOKMARK [1][-]{section.2.3}{Performances}{chapter.2}% 22
\BOOKMARK [0][-]{chapter.3}{Results}{}% 23
\BOOKMARK [1][-]{section.3.1}{Earth-Sun system}{chapter.3}% 24
\BOOKMARK [2][-]{subsection.3.1.1}{Comparison between the two algorithms}{section.3.1}% 25
\BOOKMARK [2][-]{subsection.3.1.2}{Escape velocity}{section.3.1}% 26
\BOOKMARK [1][-]{section.3.2}{Three-body problem}{chapter.3}% 27
\BOOKMARK [2][-]{subsection.3.2.1}{The Sun as the center-of-mass}{section.3.2}% 28
\BOOKMARK [2][-]{subsection.3.2.2}{The real center-of-mass}{section.3.2}% 29
\BOOKMARK [1][-]{section.3.3}{Complete Solar System}{chapter.3}% 30
\BOOKMARK [1][-]{section.3.4}{The special case of Mercury}{chapter.3}% 31
\BOOKMARK [0][-]{chapter*.48}{Conclusion}{}% 32
