\BOOKMARK [0][-]{chapter*.3}{Introduction}{}% 1
\BOOKMARK [0][-]{chapter.1}{Theory}{}% 2
\BOOKMARK [1][-]{section.1.1}{The Ising model}{chapter.1}% 3
\BOOKMARK [2][-]{subsection.1.1.1}{The general model}{section.1.1}% 4
\BOOKMARK [2][-]{subsection.1.1.2}{Two-dimensional square lattice model}{section.1.1}% 5
\BOOKMARK [1][-]{section.1.2}{Phase transition}{chapter.1}% 6
\BOOKMARK [2][-]{subsection.1.2.1}{The critical temperature}{section.1.2}% 7
\BOOKMARK [2][-]{subsection.1.2.2}{Around the critical temperature}{section.1.2}% 8
\BOOKMARK [1][-]{section.1.3}{The Metropolis algorithm}{chapter.1}% 9
\BOOKMARK [2][-]{subsection.1.3.1}{Introduction to the algorithm}{section.1.3}% 10
\BOOKMARK [2][-]{subsection.1.3.2}{The algorithm}{section.1.3}% 11
\BOOKMARK [0][-]{chapter.2}{Implementation}{}% 12
\BOOKMARK [1][-]{section.2.1}{The Metropolis algorithm}{chapter.2}% 13
\BOOKMARK [2][-]{subsection.2.1.1}{Basic receipe}{section.2.1}% 14
\BOOKMARK [2][-]{subsection.2.1.2}{Use of MPI and outputs}{section.2.1}% 15
\BOOKMARK [0][-]{chapter.3}{Results}{}% 16
\BOOKMARK [1][-]{section.3.1}{Two-dimensional squared lattice}{chapter.3}% 17
\BOOKMARK [2][-]{subsection.3.1.1}{22 case}{section.3.1}% 18
\BOOKMARK [2][-]{subsection.3.1.2}{2020 case}{section.3.1}% 19
\BOOKMARK [1][-]{section.3.2}{Phase transitions}{chapter.3}% 20
\BOOKMARK [2][-]{subsection.3.2.1}{The Ising model near the critical temperature}{section.3.2}% 21
\BOOKMARK [2][-]{subsection.3.2.2}{The critical temperature}{section.3.2}% 22
\BOOKMARK [2][-]{subsection.3.2.3}{Reflexion}{section.3.2}% 23
\BOOKMARK [0][-]{chapter*.68}{Conclusion}{}% 24
